
Configuration of Chameleon:
        BUILDNAME ...........: Linux-amd64-gcc-RELEASE-StarPU-CUDA
        SITE ................: hen
 
        Compiler: C .........: /opt/ecrc/gcc/10.2.0/ub18/bin/gcc (GNU)
        Compiler: Fortran ...: /opt/ecrc/gcc/10.2.0/ub18/bin/gfortran (GNU)
        Linker: .............: /usr/bin/ld
 
        Build type ..........: RELEASE
        Build shared ........: OFF
        CFlags ..............: -fPIC
        LDFlags .............: 
 
        Implementation paradigm
        CUDA ................: 1
        MPI .................: OFF
 
        Runtime specific
        QUARK ...............: OFF
        StarPU ..............: 1
 
        Kernels specific
        BLAS ................: Intel MKL
        LAPACK...............: Intel MKL
 
        Trace ...............: OFF
        Simulation mode .....: OFF
 
        Binaries to build
        documentation ........: OFF
        example ..............: OFF
        testing ..............: OFF
        timing ...............: OFF
 
        CHAMELEON dependencies :
                                  starpu-1.3
                                  pthread
                                  rt
                                  m
                                  openblas
                                  blas
                                  cudart
                                  cublas
                                  cusparse
                                  nvidia-ml
                                  stdc++
                                  hwloc
                                  OpenCL
                                  xml2
                                  icui18n
                                  icuuc
                                  icudata
                                  z
                                  lzma
                                  /opt/ecrc/mkl/2020.0.166/mkl/lib/intel64/libmkl_intel_lp64.so
                                  /opt/ecrc/mkl/2020.0.166/mkl/lib/intel64/libmkl_sequential.so
                                  /opt/ecrc/mkl/2020.0.166/mkl/lib/intel64/libmkl_core.so
                                  -lpthread
                                  -lm
                                  /usr/lib/x86_64-linux-gnu/libm.so
                                  /usr/lib/x86_64-linux-gnu/librt.so
                                  /opt/ecrc/cuda/11.4/lib64/libcublas.so
                                  /opt/ecrc/cuda/11.4/lib64/libcudart_static.a
                                  Threads::Threads
                                  dl
 
        INSTALL_PREFIX ......: /home/gengz/gpu-v2/exageostat/installdir

