2500 exact univariate_matern_stationary 25 0 0 0 20 0 -29731016.589433 -1.000000 1.379072 1.655129 -1.000000 3.783492 3.154594 -1.000000 
2500 exact univariate_matern_stationary 25 0 0 0 20 0 -1581.194395 -1.000000 1.989855 1.925353 -1.000000 2.622155 2.712503 -1.000000 
2500 exact univariate_matern_stationary 250 0 0 0 20 1 -1581.194395 -1.000000 0.145013 0.014970 -1.000000 35.981008 360.407015 -1.000000 
2500 exact univariate_matern_stationary 250 0 0 0 20 1   -nan -1.000000 0.023981 0.012723 -1.000000 217.578087 418.252946 -1.000000 
2500 exact univariate_matern_stationary 250 0 0 0 20 1   -nan -1.000000 0.020847 0.013393 -1.000000 250.284846 399.020296 -1.000000 
2500 exact univariate_matern_stationary 250 0 0 0 20 1   -nan -1.000000 0.020460 0.013561 -1.000000 255.021345 392.726194 -1.000000 
2500 exact univariate_matern_stationary 250 0 0 0 20 1   -nan -1.000000 0.019266 0.013444 -1.000000 270.826249 395.015833 -1.000000 
2500 exact univariate_matern_stationary 250 0 0 0 20 1   -nan -1.000000 0.020114 0.013841 -1.000000 259.404453 386.641235 -1.000000 
2500 exact univariate_matern_stationary 250 0 0 0 20 1   -nan -1.000000 0.021243 0.013383 -1.000000 245.619042 398.816692 -1.000000 
2500 exact univariate_matern_stationary 250 0 0 0 20 1   -nan -1.000000 0.019955 0.015260 -1.000000 261.474804 347.519090 -1.000000 
2500 exact univariate_matern_stationary 250 0 0 0 20 1   -nan -1.000000 0.020883 0.014000 -1.000000 249.856223 382.552261 -1.000000 
2500 exact univariate_matern_stationary 250 0 0 0 20 1   -nan -1.000000 0.019775 0.013844 -1.000000 263.854943 384.866559 -1.000000 
2500 exact univariate_matern_stationary 250 0 0 0 20 1   -nan -1.000000 0.019144 0.013879 -1.000000 272.549774 385.836868 -1.000000 
2500 exact univariate_matern_stationary 250 0 0 0 20 1   -nan -1.000000 0.019100 0.013226 -1.000000 273.179172 406.242081 -1.000000 
2500 exact univariate_matern_stationary 250 0 0 0 20 1   -nan -1.000000 0.020339 0.014329 -1.000000 256.536980 375.650849 -1.000000 
2500 exact univariate_matern_stationary 250 0 0 0 20 1 -5119.198152 -1.000000 0.019859 0.013478 -1.000000 262.736739 396.062961 -1.000000 
2500 exact univariate_matern_stationary 250 0 0 0 20 1   -nan -1.000000 0.020845 0.014146 -1.000000 250.313474 379.527031 -1.000000 
2500 exact univariate_matern_stationary 250 0 0 0 20 1   -nan -1.000000 0.019898 0.013938 -1.000000 262.223594 385.008746 -1.000000 
2500 exact univariate_matern_stationary 250 0 0 0 20 1   -nan -1.000000 0.018891 0.013590 -1.000000 276.199365 392.247543 -1.000000 
2500 exact univariate_matern_stationary 250 0 0 0 20 1   -nan -1.000000 0.062495 0.061418 -1.000000 83.490347 85.429917 -1.000000 
2500 exact univariate_matern_stationary 250 0 0 0 20 1   -nan -1.000000 0.063420 0.060934 -1.000000 82.272527 86.009759 -1.000000 
2500 exact univariate_matern_stationary 250 0 0 0 20 0   -nan -1.000000 0.182549 0.012070 -1.000000 28.582511 443.188886 -1.000000 
